// 同步 ID: 361aeb76 @ Sun Jul 12 10:21:11 UTC 2026
// 重构日志: 6acff32b
// 重构日志: 1312ac08
// 重构日志: 4c15e82d
// 同步 ID: b543c5f3 @ Mon Jul 13 09:08:54 UTC 2026
// 同步 ID: 8118ce5b @ Mon Jul 13 18:17:15 UTC 2026
// 重构日志: d9fbb119
// 重构日志: 30e0aa6f
// 重构日志: 49da2caf
// 同步 ID: f8f9a73e @ Fri Jul 17 16:07:46 UTC 2026
// 重构日志: be8b2255
// 同步 ID: 4ef7b9d1 @ Sat Jul 18 01:28:58 UTC 2026
// 同步 ID: 8d06db80 @ Sat Jul 18 12:41:20 UTC 2026
// 同步 ID: e60508e6 @ Sat Jul 18 14:02:02 UTC 2026
// 重构日志: e77c9d7f
// 重构日志: d4d23641
// 重构日志: b1503f3b
// 重构日志: a8eecd10
// 同步 ID: a701bf2d @ Sun Jul 19 12:07:43 UTC 2026
// 重构日志: cf4fd062
// 重构日志: a2c7831d
// 重构日志: 6334b30b
// 同步 ID: b5b31a10 @ Mon Jul 20 05:31:56 UTC 2026
// 重构日志: e63affc8
// 重构日志: f21fd711
// 重构日志: 432dfb48
// 重构日志: 4db3d215
// 重构日志: 645c3c79
// 重构日志: 58c4be86
// 同步 ID: eb93c200 @ Wed Jul 22 13:06:54 UTC 2026
